app/build/outputs/logs/manifest-merger-debug-report.txt
-- Merging decision tree log ---
manifest
ADDED from src\main\AndroidManifest.xml:3:40-134:10
INJECTED from src\main\AndroidManifest.xml:3:40-134:10
INJECTED from src\main\AndroidManifest.xml:3:40-134:10
INJECTED from src\main\AndroidManifest.xml:3:40-134:10
MERGED from [com.android.support:design:27.1.1] AndroidManifest.xml:17:1-22:12
MERGED from [com.facebook.android:facebook-android-sdk:4.12.0] AndroidManifest.xml:21:1-39:12
MERGED from [com.amazonaws:aws-android-sdk-auth-ui:2.6.20] AndroidManifest.xml:2:1-10:80
MERGED from [com.amazonaws:aws-android-sdk-auth-userpools:2.6.20] AndroidManifest.xml:2:1-21:80
MERGED from [com.amazonaws:aws-android-sdk-auth-core:2.6.21] AndroidManifest.xml:2:1-4:80
MERGED from [com.android.support:multidex:1.0.0] AndroidManifest.xml:16:1-19:12
MERGED from [com.android.support:customtabs:23.4.0] AndroidManifest.xml:17:1-24:12
MERGED from [com.android.support:support-v4:27.1.1] AndroidManifest.xml:17:1-22:12
MERGED from [com.android.support:recyclerview-v7:27.1.1] AndroidManifest.xml:17:1-22:12
MERGED from [com.android.support:appcompat-v7:27.1.1] AndroidManifest.xml:17:1-22:12
MERGED from [com.android.support:transition:27.1.1] AndroidManifest.xml:17:1-22:12
MERGED from [com.android.support:cardview-v7:23.4.0] AndroidManifest.xml:17:1-24:12
MERGED from [com.android.support:support-fragment:27.1.1] AndroidManifest.xml:17:1-22:12
MERGED from [com.android.support:animated-vector-drawable:27.1.1] AndroidManifest.xml:17:1-22:12
MERGED from [com.android.support:support-core-ui:27.1.1] AndroidManifest.xml:17:1-22:12
MERGED from [com.android.support:support-core-utils:27.1.1] AndroidManifest.xml:17:1-22:12
MERGED from [com.android.support:support-vector-drawable:27.1.1] AndroidManifest.xml:17:1-22:12
MERGED from [com.android.support:support-media-compat:27.1.1] AndroidManifest.xml:17:1-22:12
MERGED from [com.android.support:support-compat:27.1.1] AndroidManifest.xml:17:1-22:12
MERGED from [android.arch.lifecycle:runtime:1.1.0] AndroidManifest.xml:17:1-22:12
MERGED from [android.arch.lifecycle:livedata-core:1.1.0] AndroidManifest.xml:17:1-22:12
MERGED from [android.arch.lifecycle:viewmodel:1.1.0] AndroidManifest.xml:17:1-22:12
MERGED from [android.arch.core:runtime:1.1.0] AndroidManifest.xml:17:1-22:12
INJECTED from src\main\AndroidManifest.xml:3:40-134:10
INJECTED from src\main\AndroidManifest.xml:3:40-134:10
INJECTED from src\main\AndroidManifest.xml:3:40-134:10
	package
		ADDED from src\main\AndroidManifest.xml:3:113-138
		INJECTED from src\main\AndroidManifest.xml
		INJECTED from src\main\AndroidManifest.xml
	android:versionName
		INJECTED from src\main\AndroidManifest.xml
		ADDED from src\main\AndroidManifest.xml:3:40-134:10
		INJECTED from src\main\AndroidManifest.xml
	android:versionCode
		INJECTED from src\main\AndroidManifest.xml
		ADDED from src\main\AndroidManifest.xml:3:40-134:10
		INJECTED from src\main\AndroidManifest.xml
	xmlns:android
		ADDED from src\main\AndroidManifest.xml:3:50-108
uses-permission#android.permission.INTERNET
ADDED from src\main\AndroidManifest.xml:5:145-65
MERGED from [com.amazonaws:aws-android-sdk-auth-ui:2.6.20] AndroidManifest.xml:4:5-66
MERGED from [com.amazonaws:aws-android-sdk-auth-ui:2.6.20] AndroidManifest.xml:4:5-66
MERGED from [com.amazonaws:aws-android-sdk-auth-userpools:2.6.20] AndroidManifest.xml:4:5-66
MERGED from [com.amazonaws:aws-android-sdk-auth-userpools:2.6.20] AndroidManifest.xml:4:5-66
	android:name
		ADDED from src\main\AndroidManifest.xml:5:162-204
uses-permission#android.permission.ACCESS_NETWORK_STATE
ADDED from src\main\AndroidManifest.xml:6:212-78
MERGED from [com.amazonaws:aws-android-sdk-auth-ui:2.6.20] AndroidManifest.xml:5:5-78
MERGED from [com.amazonaws:aws-android-sdk-auth-ui:2.6.20] AndroidManifest.xml:5:5-78
MERGED from [com.amazonaws:aws-android-sdk-auth-userpools:2.6.20] AndroidManifest.xml:5:5-78
MERGED from [com.amazonaws:aws-android-sdk-auth-userpools:2.6.20] AndroidManifest.xml:5:5-78
	android:name
		ADDED from src\main\AndroidManifest.xml:6:229-283
uses-permission#android.permission.ACCESS_WIFI_STATE
ADDED from src\main\AndroidManifest.xml:7:291-75
MERGED from [com.amazonaws:aws-android-sdk-auth-userpools:2.6.20] AndroidManifest.xml:6:5-75
MERGED from [com.amazonaws:aws-android-sdk-auth-userpools:2.6.20] AndroidManifest.xml:6:5-75
	android:name
		ADDED from src\main\AndroidManifest.xml:7:308-359
uses-permission#android.permission.WAKE_LOCK
ADDED from src\main\AndroidManifest.xml:8:367-67
	android:name
		ADDED from src\main\AndroidManifest.xml:8:384-427
uses-permission#android.permission.READ_EXTERNAL_STORAGE
ADDED from src\main\AndroidManifest.xml:9:435-79
	android:name
		ADDED from src\main\AndroidManifest.xml:9:452-507
application
ADDED from src\main\AndroidManifest.xml:16:516-132:18
MERGED from [com.facebook.android:facebook-android-sdk:4.12.0] AndroidManifest.xml:28:5-37:19
MERGED from [com.facebook.android:facebook-android-sdk:4.12.0] AndroidManifest.xml:28:5-37:19
MERGED from [com.amazonaws:aws-android-sdk-auth-ui:2.6.20] AndroidManifest.xml:7:5-9:19
MERGED from [com.amazonaws:aws-android-sdk-auth-ui:2.6.20] AndroidManifest.xml:7:5-9:19
MERGED from [com.amazonaws:aws-android-sdk-auth-userpools:2.6.20] AndroidManifest.xml:8:6-20:20
MERGED from [com.amazonaws:aws-android-sdk-auth-userpools:2.6.20] AndroidManifest.xml:8:6-20:20
MERGED from [com.android.support:customtabs:23.4.0] AndroidManifest.xml:22:5-20
MERGED from [com.android.support:customtabs:23.4.0] AndroidManifest.xml:22:5-20
MERGED from [com.android.support:cardview-v7:23.4.0] AndroidManifest.xml:22:5-20
MERGED from [com.android.support:cardview-v7:23.4.0] AndroidManifest.xml:22:5-20
	android:supportsRtl
		ADDED from [com.amazonaws:aws-android-sdk-auth-ui:2.6.20] AndroidManifest.xml:7:18-44
	android:label
		ADDED from src\main\AndroidManifest.xml:16:652-684
	android:icon
		ADDED from src\main\AndroidManifest.xml:16:608-643
	android:allowBackup
		ADDED from src\main\AndroidManifest.xml:16:573-599
	android:theme
		ADDED from src\main\AndroidManifest.xml:16:693-724
	android:name
		ADDED from src\main\AndroidManifest.xml:16:537-564
activity#com.mysampleapp.MainActivity
ADDED from src\main\AndroidManifest.xml:20:734-26:19
	android:label
		ADDED from src\main\AndroidManifest.xml:20:797-840
	android:launchMode
		ADDED from src\main\AndroidManifest.xml:20:853-888
	android:name
		ADDED from src\main\AndroidManifest.xml:20:756-784
intent-filter#action:name:android.intent.action.MAIN+category:name:android.intent.category.LAUNCHER
ADDED from src\main\AndroidManifest.xml:21:902-25:28
action#android.intent.action.MAIN
ADDED from src\main\AndroidManifest.xml:22:934-68
	android:name
		ADDED from src\main\AndroidManifest.xml:22:942-983
category#android.intent.category.LAUNCHER
ADDED from src\main\AndroidManifest.xml:24:1004-75
	android:name
		ADDED from src\main\AndroidManifest.xml:24:1014-1061
activity#com.mysampleapp.SplashActivity
ADDED from src\main\AndroidManifest.xml:30:1122-48
	android:label
		ADDED from src\main\AndroidManifest.xml:30:1270-1302
	android:configChanges
		ADDED from src\main\AndroidManifest.xml:30:1187-1257
	android:name
		ADDED from src\main\AndroidManifest.xml:30:1144-1174
service#com.amazonaws.mobileconnectors.s3.transferutility.TransferService
ADDED from src\main\AndroidManifest.xml:35:1316-38
	android:enabled
		ADDED from src\main\AndroidManifest.xml:35:1430-1452
	android:name
		ADDED from src\main\AndroidManifest.xml:35:1337-1417
service#com.amazonaws.mobile.downloader.service.DownloadService
ADDED from src\main\AndroidManifest.xml:36:1464-90
	android:name
		ADDED from src\main\AndroidManifest.xml:36:1473-1543
receiver#com.amazonaws.mobile.downloader.service.NetworkStateListener
ADDED from src\main\AndroidManifest.xml:41:1556-45:19
	android:enabled
		ADDED from src\main\AndroidManifest.xml:41:1666-1689
	android:exported
		ADDED from src\main\AndroidManifest.xml:41:1702-1726
	android:name
		ADDED from src\main\AndroidManifest.xml:41:1578-1653
intent-filter#action:name:android.net.conn.CONNECTIVITY_CHANGE
ADDED from src\main\AndroidManifest.xml:42:1740-44:28
action#android.net.conn.CONNECTIVITY_CHANGE
ADDED from src\main\AndroidManifest.xml:43:1772-78
	android:name
		ADDED from src\main\AndroidManifest.xml:43:1780-1831
provider#com.amazonaws.mobile.downloader.query.DownloadQueueProvider
ADDED from src\main\AndroidManifest.xml:51:1893-40
	android:enabled
		ADDED from src\main\AndroidManifest.xml:51:2078-2100
	android:authorities
		ADDED from src\main\AndroidManifest.xml:51:2002-2065
	android:exported
		ADDED from src\main\AndroidManifest.xml:51:2113-2137
	android:name
		ADDED from src\main\AndroidManifest.xml:51:1915-1989
provider#android.support.v4.content.FileProvider
ADDED from src\main\AndroidManifest.xml:56:2149-60:19
	android:grantUriPermissions
		ADDED from src\main\AndroidManifest.xml:56:2349-2383
	android:authorities
		ADDED from src\main\AndroidManifest.xml:56:2238-2299
	android:exported
		ADDED from src\main\AndroidManifest.xml:56:2312-2336
	android:name
		ADDED from src\main\AndroidManifest.xml:56:2171-2225
meta-data#android.support.FILE_PROVIDER_PATHS
ADDED from src\main\AndroidManifest.xml:59:2397-66
	android:resource
		ADDED from src\main\AndroidManifest.xml:59:2491-2537
	android:name
		ADDED from src\main\AndroidManifest.xml:59:2424-2474
activity#com.mysampleapp.UserActivity
ADDED from src\main\AndroidManifest.xml:67:2637-59
	android:label
		ADDED from src\main\AndroidManifest.xml:67:2700-2743
	android:theme
		ADDED from src\main\AndroidManifest.xml:67:2756-2799
	android:name
		ADDED from src\main\AndroidManifest.xml:67:2659-2687
activity#com.mysampleapp.RegisterUser
ADDED from src\main\AndroidManifest.xml:70:2811-59
	android:theme
		ADDED from src\main\AndroidManifest.xml:70:2874-2917
	android:name
		ADDED from src\main\AndroidManifest.xml:70:2833-2861
activity#com.mysampleapp.AboutApp
ADDED from src\main\AndroidManifest.xml:74:2929-59
	android:label
		ADDED from src\main\AndroidManifest.xml:74:2988-3036
	android:theme
		ADDED from src\main\AndroidManifest.xml:74:3049-3092
	android:name
		ADDED from src\main\AndroidManifest.xml:74:2951-2975
activity#com.mysampleapp.SignUpConfirm
ADDED from src\main\AndroidManifest.xml:78:3104-59
	android:label
		ADDED from src\main\AndroidManifest.xml:78:3168-3222
	android:theme
		ADDED from src\main\AndroidManifest.xml:78:3235-3278
	android:name
		ADDED from src\main\AndroidManifest.xml:78:3126-3155
activity#com.mysampleapp.MFAActivity
ADDED from src\main\AndroidManifest.xml:82:3290-59
	android:label
		ADDED from src\main\AndroidManifest.xml:82:3352-3394
	android:theme
		ADDED from src\main\AndroidManifest.xml:82:3407-3450
	android:name
		ADDED from src\main\AndroidManifest.xml:82:3312-3339
activity#com.mysampleapp.ForgotPasswordActivity
ADDED from src\main\AndroidManifest.xml:86:3462-59
	android:label
		ADDED from src\main\AndroidManifest.xml:86:3535-3589
	android:theme
		ADDED from src\main\AndroidManifest.xml:86:3602-3645
	android:name
		ADDED from src\main\AndroidManifest.xml:86:3484-3522
activity#com.mysampleapp.SettingsActivity
ADDED from src\main\AndroidManifest.xml:90:3657-59
	android:label
		ADDED from src\main\AndroidManifest.xml:90:3724-3771
	android:theme
		ADDED from src\main\AndroidManifest.xml:90:3784-3827
	android:name
		ADDED from src\main\AndroidManifest.xml:90:3679-3711
activity#com.mysampleapp.ChangePasswordActivity
ADDED from src\main\AndroidManifest.xml:94:3839-59
	android:label
		ADDED from src\main\AndroidManifest.xml:94:3912-3966
	android:theme
		ADDED from src\main\AndroidManifest.xml:94:3979-4022
	android:name
		ADDED from src\main\AndroidManifest.xml:94:3861-3899
activity#com.mysampleapp.VerifyActivity
ADDED from src\main\AndroidManifest.xml:98:4034-59
	android:label
		ADDED from src\main\AndroidManifest.xml:98:4099-4144
	android:theme
		ADDED from src\main\AndroidManifest.xml:98:4157-4200
	android:name
		ADDED from src\main\AndroidManifest.xml:98:4056-4086
activity#com.mysampleapp.AddAttributeActivity
ADDED from src\main\AndroidManifest.xml:102:4212-59
	android:label
		ADDED from src\main\AndroidManifest.xml:102:4283-4335
	android:theme
		ADDED from src\main\AndroidManifest.xml:102:4348-4391
	android:name
		ADDED from src\main\AndroidManifest.xml:102:4234-4270
activity#com.mysampleapp.DeviceSettings
ADDED from src\main\AndroidManifest.xml:106:4403-59
	android:label
		ADDED from src\main\AndroidManifest.xml:106:4468-4522
	android:theme
		ADDED from src\main\AndroidManifest.xml:106:4535-4578
	android:name
		ADDED from src\main\AndroidManifest.xml:106:4425-4455
activity#com.mysampleapp.NewPassword
ADDED from src\main\AndroidManifest.xml:110:4590-59
	android:label
		ADDED from src\main\AndroidManifest.xml:110:4652-4703
	android:theme
		ADDED from src\main\AndroidManifest.xml:110:4716-4759
	android:name
		ADDED from src\main\AndroidManifest.xml:110:4612-4639
activity#com.mysampleapp.ChooseMFA
ADDED from src\main\AndroidManifest.xml:114:4771-59
	android:label
		ADDED from src\main\AndroidManifest.xml:114:4831-4880
	android:theme
		ADDED from src\main\AndroidManifest.xml:114:4893-4936
	android:name
		ADDED from src\main\AndroidManifest.xml:114:4793-4818
activity#com.mysampleapp.ItemListActivity
ADDED from src\main\AndroidManifest.xml:118:4948-47
	android:label
		ADDED from src\main\AndroidManifest.xml:118:5015-5054
	android:theme
		ADDED from src\main\AndroidManifest.xml:118:5067-5098
	android:name
		ADDED from src\main\AndroidManifest.xml:118:4970-5002
activity#com.mysampleapp.ItemDetailActivity
ADDED from src\main\AndroidManifest.xml:123:5110-127:19
	android:parentActivityName
		ADDED from src\main\AndroidManifest.xml:123:5233-5279
	android:label
		ADDED from src\main\AndroidManifest.xml:123:5179-5220
	android:theme
		ADDED from src\main\AndroidManifest.xml:123:5292-5323
	android:name
		ADDED from src\main\AndroidManifest.xml:123:5132-5166
meta-data#android.support.PARENT_ACTIVITY
ADDED from src\main\AndroidManifest.xml:126:5337-68
	android:value
		ADDED from src\main\AndroidManifest.xml:126:5427-5475
	android:name
		ADDED from src\main\AndroidManifest.xml:126:5364-5410
activity#com.mysampleapp.RoundedAndroidButton
ADDED from src\main\AndroidManifest.xml:131:5507-56
	android:label
		ADDED from src\main\AndroidManifest.xml:131:5578-5639
	android:theme
		ADDED from src\main\AndroidManifest.xml:131:5652-5683
	android:name
		ADDED from src\main\AndroidManifest.xml:131:5529-5565
uses-sdk
INJECTED from src\main\AndroidManifest.xml reason: use-sdk injection requested
INJECTED from src\main\AndroidManifest.xml
INJECTED from src\main\AndroidManifest.xml
MERGED from [com.android.support:design:27.1.1] AndroidManifest.xml:20:5-44
MERGED from [com.android.support:design:27.1.1] AndroidManifest.xml:20:5-44
MERGED from [com.facebook.android:facebook-android-sdk:4.12.0] AndroidManifest.xml:24:5-26:41
MERGED from [com.facebook.android:facebook-android-sdk:4.12.0] AndroidManifest.xml:24:5-26:41
MERGED from [com.amazonaws:aws-android-sdk-auth-ui:2.6.20] AndroidManifest.xml:10:1-69
MERGED from [com.amazonaws:aws-android-sdk-auth-ui:2.6.20] AndroidManifest.xml:10:1-69
MERGED from [com.amazonaws:aws-android-sdk-auth-userpools:2.6.20] AndroidManifest.xml:21:1-69
MERGED from [com.amazonaws:aws-android-sdk-auth-userpools:2.6.20] AndroidManifest.xml:21:1-69
MERGED from [com.amazonaws:aws-android-sdk-auth-core:2.6.21] AndroidManifest.xml:4:1-69
MERGED from [com.amazonaws:aws-android-sdk-auth-core:2.6.21] AndroidManifest.xml:4:1-69
MERGED from [com.android.support:multidex:1.0.0] AndroidManifest.xml:18:5-42
MERGED from [com.android.support:multidex:1.0.0] AndroidManifest.xml:18:5-42
MERGED from [com.android.support:customtabs:23.4.0] AndroidManifest.xml:20:5-44
MERGED from [com.android.support:customtabs:23.4.0] AndroidManifest.xml:20:5-44
MERGED from [com.android.support:support-v4:27.1.1] AndroidManifest.xml:20:5-44
MERGED from [com.android.support:support-v4:27.1.1] AndroidManifest.xml:20:5-44
MERGED from [com.android.support:recyclerview-v7:27.1.1] AndroidManifest.xml:20:5-44
MERGED from [com.android.support:recyclerview-v7:27.1.1] AndroidManifest.xml:20:5-44
MERGED from [com.android.support:appcompat-v7:27.1.1] AndroidManifest.xml:20:5-44
MERGED from [com.android.support:appcompat-v7:27.1.1] AndroidManifest.xml:20:5-44
MERGED from [com.android.support:transition:27.1.1] AndroidManifest.xml:20:5-44
MERGED from [com.android.support:transition:27.1.1] AndroidManifest.xml:20:5-44
MERGED from [com.android.support:cardview-v7:23.4.0] AndroidManifest.xml:20:5-43
MERGED from [com.android.support:cardview-v7:23.4.0] AndroidManifest.xml:20:5-43
MERGED from [com.android.support:support-fragment:27.1.1] AndroidManifest.xml:20:5-44
MERGED from [com.android.support:support-fragment:27.1.1] AndroidManifest.xml:20:5-44
MERGED from [com.android.support:animated-vector-drawable:27.1.1] AndroidManifest.xml:20:5-44
MERGED from [com.android.support:animated-vector-drawable:27.1.1] AndroidManifest.xml:20:5-44
MERGED from [com.android.support:support-core-ui:27.1.1] AndroidManifest.xml:20:5-44
MERGED from [com.android.support:support-core-ui:27.1.1] AndroidManifest.xml:20:5-44
MERGED from [com.android.support:support-core-utils:27.1.1] AndroidManifest.xml:20:5-44
MERGED from [com.android.support:support-core-utils:27.1.1] AndroidManifest.xml:20:5-44
MERGED from [com.android.support:support-vector-drawable:27.1.1] AndroidManifest.xml:20:5-44
MERGED from [com.android.support:support-vector-drawable:27.1.1] AndroidManifest.xml:20:5-44
MERGED from [com.android.support:support-media-compat:27.1.1] AndroidManifest.xml:20:5-44
MERGED from [com.android.support:support-media-compat:27.1.1] AndroidManifest.xml:20:5-44
MERGED from [com.android.support:support-compat:27.1.1] AndroidManifest.xml:20:5-44
MERGED from [com.android.support:support-compat:27.1.1] AndroidManifest.xml:20:5-44
MERGED from [android.arch.lifecycle:runtime:1.1.0] AndroidManifest.xml:20:5-44
MERGED from [android.arch.lifecycle:runtime:1.1.0] AndroidManifest.xml:20:5-44
MERGED from [android.arch.lifecycle:livedata-core:1.1.0] AndroidManifest.xml:20:5-44
MERGED from [android.arch.lifecycle:livedata-core:1.1.0] AndroidManifest.xml:20:5-44
MERGED from [android.arch.lifecycle:viewmodel:1.1.0] AndroidManifest.xml:20:5-44
MERGED from [android.arch.lifecycle:viewmodel:1.1.0] AndroidManifest.xml:20:5-44
MERGED from [android.arch.core:runtime:1.1.0] AndroidManifest.xml:20:5-44
MERGED from [android.arch.core:runtime:1.1.0] AndroidManifest.xml:20:5-44
INJECTED from src\main\AndroidManifest.xml
INJECTED from src\main\AndroidManifest.xml
	android:targetSdkVersion
		INJECTED from src\main\AndroidManifest.xml
		ADDED from src\main\AndroidManifest.xml
		INJECTED from src\main\AndroidManifest.xml
	android:minSdkVersion
		INJECTED from src\main\AndroidManifest.xml
		ADDED from src\main\AndroidManifest.xml
		INJECTED from src\main\AndroidManifest.xml
activity#com.facebook.FacebookActivity
ADDED from [com.facebook.android:facebook-android-sdk:4.12.0] AndroidManifest.xml:29:9-32:75
	android:configChanges
		ADDED from [com.facebook.android:facebook-android-sdk:4.12.0] AndroidManifest.xml:31:13-96
	android:theme
		ADDED from [com.facebook.android:facebook-android-sdk:4.12.0] AndroidManifest.xml:32:13-72
	android:name
		ADDED from [com.facebook.android:facebook-android-sdk:4.12.0] AndroidManifest.xml:30:13-57
activity#com.facebook.CustomTabActivity
ADDED from [com.facebook.android:facebook-android-sdk:4.12.0] AndroidManifest.xml:33:9-36:20
	android:exported
		ADDED from [com.facebook.android:facebook-android-sdk:4.12.0] AndroidManifest.xml:35:13-36
	android:name
		ADDED from [com.facebook.android:facebook-android-sdk:4.12.0] AndroidManifest.xml:34:13-58
activity#com.amazonaws.mobile.auth.ui.SignInActivity
ADDED from [com.amazonaws:aws-android-sdk-auth-ui:2.6.20] AndroidManifest.xml:8:9-234
	android:screenOrientation
		ADDED from [com.amazonaws:aws-android-sdk-auth-ui:2.6.20] AndroidManifest.xml:8:196-232
	android:label
		ADDED from [com.amazonaws:aws-android-sdk-auth-ui:2.6.20] AndroidManifest.xml:8:90-136
	android:configChanges
		ADDED from [com.amazonaws:aws-android-sdk-auth-ui:2.6.20] AndroidManifest.xml:8:19-89
	android:name
		ADDED from [com.amazonaws:aws-android-sdk-auth-ui:2.6.20] AndroidManifest.xml:8:137-195
activity#com.amazonaws.mobile.auth.userpools.ForgotPasswordActivity
ADDED from [com.amazonaws:aws-android-sdk-auth-userpools:2.6.20] AndroidManifest.xml:9:10-10:21
	android:screenOrientation
		ADDED from [com.amazonaws:aws-android-sdk-auth-userpools:2.6.20] AndroidManifest.xml:9:220-256
	android:label
		ADDED from [com.amazonaws:aws-android-sdk-auth-userpools:2.6.20] AndroidManifest.xml:9:91-145
	android:configChanges
		ADDED from [com.amazonaws:aws-android-sdk-auth-userpools:2.6.20] AndroidManifest.xml:9:20-90
	android:name
		ADDED from [com.amazonaws:aws-android-sdk-auth-userpools:2.6.20] AndroidManifest.xml:9:146-219
activity#com.amazonaws.mobile.auth.userpools.SignUpActivity
ADDED from [com.amazonaws:aws-android-sdk-auth-userpools:2.6.20] AndroidManifest.xml:12:10-13:21
	android:screenOrientation
		ADDED from [com.amazonaws:aws-android-sdk-auth-userpools:2.6.20] AndroidManifest.xml:12:204-240
	android:label
		ADDED from [com.amazonaws:aws-android-sdk-auth-userpools:2.6.20] AndroidManifest.xml:12:91-137
	android:configChanges
		ADDED from [com.amazonaws:aws-android-sdk-auth-userpools:2.6.20] AndroidManifest.xml:12:20-90
	android:name
		ADDED from [com.amazonaws:aws-android-sdk-auth-userpools:2.6.20] AndroidManifest.xml:12:138-203
activity#com.amazonaws.mobile.auth.userpools.MFAActivity
ADDED from [com.amazonaws:aws-android-sdk-auth-userpools:2.6.20] AndroidManifest.xml:15:10-16:21
	android:screenOrientation
		ADDED from [com.amazonaws:aws-android-sdk-auth-userpools:2.6.20] AndroidManifest.xml:15:197-233
	android:label
		ADDED from [com.amazonaws:aws-android-sdk-auth-userpools:2.6.20] AndroidManifest.xml:15:91-133
	android:configChanges
		ADDED from [com.amazonaws:aws-android-sdk-auth-userpools:2.6.20] AndroidManifest.xml:15:20-90
	android:name
		ADDED from [com.amazonaws:aws-android-sdk-auth-userpools:2.6.20] AndroidManifest.xml:15:134-196
activity#com.amazonaws.mobile.auth.userpools.SignUpConfirmActivity
ADDED from [com.amazonaws:aws-android-sdk-auth-userpools:2.6.20] AndroidManifest.xml:18:10-19:21
	android:screenOrientation
		ADDED from [com.amazonaws:aws-android-sdk-auth-userpools:2.6.20] AndroidManifest.xml:18:219-255
	android:label
		ADDED from [com.amazonaws:aws-android-sdk-auth-userpools:2.6.20] AndroidManifest.xml:18:91-145
	android:configChanges
		ADDED from [com.amazonaws:aws-android-sdk-auth-userpools:2.6.20] AndroidManifest.xml:18:20-90
	android:name
		ADDED from [com.amazonaws:aws-android-sdk-auth-userpools:2.6.20] AndroidManifest.xml:18:146-218